# JRE version: OpenJDK Runtime Environment Temurin-21.0.9+10 (21.0.9+10) (build 21.0.9+10-LTS)
# Java VM: OpenJDK 64-Bit Server VM Temurin-21.0.9+10 (21.0.9+10-LTS, mixed mode, sharing, tiered, compressed oops, compressed class ptrs, g1 gc, linux-amd64)
GC Precious Log:
 CardTable entry size: 512
 Card Set container configuration: InlinePtr #cards 4 size 8 Array Of Cards #cards 32 size 80 Howl #buckets 8 coarsen threshold 7372 Howl Bitmap #cards 1024 size 144 coarsen threshold 921 Card regions per heap region 1 cards per card region 8192
 CPUs: 4 total, 4 available
 Memory: 19692M
 Large Page Support: Disabled
 NUMA Support: Disabled
 Compressed Oops: Enabled (Zero based)
 Heap Region Size: 4M
 Heap Min Capacity: 8M
 Heap Initial Capacity: 308M
 Heap Max Capacity: 4924M
 Pre-touch: Disabled
 Parallel Workers: 4
 Concurrent Workers: 1
 Concurrent Refinement Workers: 4
 Periodic GC: Disabled
Heap:
 garbage-first heap   total 327680K, used 151340K [0x00000006cc400000, 0x0000000800000000)
  region size 4096K, 8 young (32768K), 3 survivors (12288K)
 Metaspace       used 127396K, committed 129536K, reserved 1179648K
  class space    used 14365K, committed 15552K, reserved 1048576K
GC Heap History (20 events):
Event: 33811.326 GC heap before
{Heap before GC invocations=580 (full 0):
 garbage-first heap   total 327680K, used 294845K [0x00000006cc400000, 0x0000000800000000)
  region size 4096K, 43 young (176128K), 2 survivors (8192K)
 Metaspace       used 127394K, committed 129536K, reserved 1179648K
  class space    used 14364K, committed 15552K, reserved 1048576K
}
Event: 33811.331 GC heap after
{Heap after GC invocations=581 (full 0):
 garbage-first heap   total 327680K, used 127961K [0x00000006cc400000, 0x0000000800000000)
  region size 4096K, 1 young (4096K), 1 survivors (4096K)
 Metaspace       used 127394K, committed 129536K, reserved 1179648K
  class space    used 14364K, committed 15552K, reserved 1048576K
}
Event: 35082.120 GC heap before
{Heap before GC invocations=581 (full 0):
 garbage-first heap   total 327680K, used 299993K [0x00000006cc400000, 0x0000000800000000)
  region size 4096K, 44 young (180224K), 1 survivors (4096K)
 Metaspace       used 127394K, committed 129536K, reserved 1179648K
  class space    used 14364K, committed 15552K, reserved 1048576K
}
Event: 35082.133 GC heap after
{Heap after GC invocations=582 (full 0):
 garbage-first heap   total 327680K, used 130649K [0x00000006cc400000, 0x0000000800000000)
  region size 4096K, 2 young (8192K), 2 survivors (8192K)
 Metaspace       used 127394K, committed 129536K, reserved 1179648K
  class space    used 14364K, committed 15552K, reserved 1048576K
}
Event: 35107.355 GC heap before
{Heap before GC invocations=582 (full 0):
 garbage-first heap   total 327680K, used 298585K [0x00000006cc400000, 0x0000000800000000)
  region size 4096K, 44 young (180224K), 2 survivors (8192K)
 Metaspace       used 127394K, committed 129536K, reserved 1179648K
  class space    used 14364K, committed 15552K, reserved 1048576K
}
Event: 35107.362 GC heap after
{Heap after GC invocations=583 (full 0):
 garbage-first heap   total 327680K, used 132156K [0x00000006cc400000, 0x0000000800000000)
  region size 4096K, 2 young (8192K), 2 survivors (8192K)
 Metaspace       used 127394K, committed 129536K, reserved 1179648K
  class space    used 14364K, committed 15552K, reserved 1048576K
}
Event: 35109.155 GC heap before
{Heap before GC invocations=583 (full 0):
 garbage-first heap   total 327680K, used 295996K [0x00000006cc400000, 0x0000000800000000)
  region size 4096K, 43 young (176128K), 2 survivors (8192K)
 Metaspace       used 127394K, committed 129536K, reserved 1179648K
  class space    used 14364K, committed 15552K, reserved 1048576K
}
Event: 35109.169 GC heap after
{Heap after GC invocations=584 (full 0):
 garbage-first heap   total 327680K, used 131408K [0x00000006cc400000, 0x0000000800000000)
  region size 4096K, 2 young (8192K), 2 survivors (8192K)
 Metaspace       used 127394K, committed 129536K, reserved 1179648K
  class space    used 14364K, committed 15552K, reserved 1048576K
}
Event: 35125.614 GC heap before
{Heap before GC invocations=584 (full 0):
 garbage-first heap   total 327680K, used 295248K [0x00000006cc400000, 0x0000000800000000)
  region size 4096K, 43 young (176128K), 2 survivors (8192K)
 Metaspace       used 127396K, committed 129536K, reserved 1179648K
  class space    used 14365K, committed 15552K, reserved 1048576K
}
Event: 35125.625 GC heap after
{Heap after GC invocations=585 (full 0):
 garbage-first heap   total 327680K, used 130786K [0x00000006cc400000, 0x0000000800000000)
  region size 4096K, 2 young (8192K), 2 survivors (8192K)
 Metaspace       used 127396K, committed 129536K, reserved 1179648K
  class space    used 14365K, committed 15552K, reserved 1048576K
}
Event: 35130.663 GC heap before
{Heap before GC invocations=585 (full 0):
 garbage-first heap   total 327680K, used 294626K [0x00000006cc400000, 0x0000000800000000)
  region size 4096K, 43 young (176128K), 2 survivors (8192K)
 Metaspace       used 127396K, committed 129536K, reserved 1179648K
  class space    used 14365K, committed 15552K, reserved 1048576K
}
Event: 35130.673 GC heap after
{Heap after GC invocations=586 (full 0):
 garbage-first heap   total 327680K, used 131597K [0x00000006cc400000, 0x0000000800000000)
  region size 4096K, 2 young (8192K), 2 survivors (8192K)
 Metaspace       used 127396K, committed 129536K, reserved 1179648K
  class space    used 14365K, committed 15552K, reserved 1048576K
}
Event: 35133.170 GC heap before
{Heap before GC invocations=586 (full 0):
 garbage-first heap   total 327680K, used 295437K [0x00000006cc400000, 0x0000000800000000)
  region size 4096K, 43 young (176128K), 2 survivors (8192K)
 Metaspace       used 127396K, committed 129536K, reserved 1179648K
  class space    used 14365K, committed 15552K, reserved 1048576K
}
Event: 35133.173 GC heap after
{Heap after GC invocations=587 (full 0):
 garbage-first heap   total 327680K, used 127807K [0x00000006cc400000, 0x0000000800000000)
  region size 4096K, 1 young (4096K), 1 survivors (4096K)
 Metaspace       used 127396K, committed 129536K, reserved 1179648K
  class space    used 14365K, committed 15552K, reserved 1048576K
}
Event: 35134.674 GC heap before
{Heap before GC invocations=587 (full 0):
 garbage-first heap   total 327680K, used 299839K [0x00000006cc400000, 0x0000000800000000)
  region size 4096K, 44 young (180224K), 1 survivors (4096K)
 Metaspace       used 127396K, committed 129536K, reserved 1179648K
  class space    used 14365K, committed 15552K, reserved 1048576K
}
Event: 35134.677 GC heap after
{Heap after GC invocations=588 (full 0):
 garbage-first heap   total 327680K, used 126269K [0x00000006cc400000, 0x0000000800000000)
  region size 4096K, 1 young (4096K), 1 survivors (4096K)
 Metaspace       used 127396K, committed 129536K, reserved 1179648K
  class space    used 14365K, committed 15552K, reserved 1048576K
}
Event: 35171.661 GC heap before
{Heap before GC invocations=588 (full 0):
 garbage-first heap   total 327680K, used 302397K [0x00000006cc400000, 0x0000000800000000)
  region size 4096K, 45 young (184320K), 1 survivors (4096K)
 Metaspace       used 127396K, committed 129536K, reserved 1179648K
  class space    used 14365K, committed 15552K, reserved 1048576K
}
Event: 35171.676 GC heap after
{Heap after GC invocations=589 (full 0):
 garbage-first heap   total 327680K, used 127011K [0x00000006cc400000, 0x0000000800000000)
  region size 4096K, 1 young (4096K), 1 survivors (4096K)
 Metaspace       used 127396K, committed 129536K, reserved 1179648K
  class space    used 14365K, committed 15552K, reserved 1048576K
}
Event: 35181.773 GC heap before
{Heap before GC invocations=589 (full 0):
 garbage-first heap   total 327680K, used 303139K [0x00000006cc400000, 0x0000000800000000)
  region size 4096K, 45 young (184320K), 1 survivors (4096K)
 Metaspace       used 127396K, committed 129536K, reserved 1179648K
  class space    used 14365K, committed 15552K, reserved 1048576K
}
Event: 35181.802 GC heap after
{Heap after GC invocations=590 (full 0):
 garbage-first heap   total 327680K, used 134956K [0x00000006cc400000, 0x0000000800000000)
  region size 4096K, 3 young (12288K), 3 survivors (12288K)
 Metaspace       used 127396K, committed 129536K, reserved 1179648K
  class space    used 14365K, committed 15552K, reserved 1048576K
}

